This file contains any messages produced by compilers while
running configure, to aid debugging if configure makes a mistake.

It was created by Dhvani configure 0.95, which was
generated by GNU Autoconf 2.65.  Invocation command line was

  $ ./configure 

## --------- ##
## Platform. ##
## --------- ##

hostname = santhosh
uname -m = i686
uname -r = 2.6.32-trunk-686
uname -s = Linux
uname -v = #1 SMP Thu Dec 24 05:52:30 UTC 2009

/usr/bin/uname -p = unknown
/bin/uname -X     = unknown

/bin/arch              = unknown
/usr/bin/arch -k       = unknown
/usr/convex/getsysinfo = unknown
/usr/bin/hostinfo      = unknown
/bin/machine           = unknown
/usr/bin/oslevel       = unknown
/bin/universe          = unknown

PATH: /usr/local/bin
PATH: /usr/bin
PATH: /bin
PATH: /usr/games


## ----------- ##
## Core tests. ##
## ----------- ##

configure:2665: checking for a BSD-compatible install
configure:2733: result: /usr/bin/install -c
configure:2744: checking whether build environment is sane
configure:2794: result: yes
configure:2935: checking for a thread-safe mkdir -p
configure:2974: result: /bin/mkdir -p
configure:2987: checking for gawk
configure:3003: found /usr/bin/gawk
configure:3014: result: gawk
configure:3025: checking whether make sets $(MAKE)
configure:3047: result: yes
configure:3175: checking for gcc
configure:3191: found /usr/bin/gcc
configure:3202: result: gcc
configure:3431: checking for C compiler version
configure:3440: gcc --version >&5
gcc (Debian 4.3.3-10) 4.3.3
Copyright (C) 2008 Free Software Foundation, Inc.
This is free software; see the source for copying conditions.  There is NO
warranty; not even for MERCHANTABILITY or FITNESS FOR A PARTICULAR PURPOSE.

configure:3451: $? = 0
configure:3440: gcc -v >&5
Using built-in specs.
Target: i486-linux-gnu
Configured with: ../src/configure -v --with-pkgversion='Debian 4.3.3-10' --with-bugurl=file:///usr/share/doc/gcc-4.3/README.Bugs --enable-languages=c,c++,fortran,objc,obj-c++ --prefix=/usr --enable-shared --enable-multiarch --with-system-zlib --libexecdir=/usr/lib --without-included-gettext --enable-threads=posix --enable-nls --with-gxx-include-dir=/usr/include/c++/4.3 --program-suffix=-4.3 --enable-clocale=gnu --enable-libstdcxx-debug --enable-objc-gc --enable-mpfr --enable-targets=all --with-tune=generic --enable-checking=release --build=i486-linux-gnu --host=i486-linux-gnu --target=i486-linux-gnu
Thread model: posix
gcc version 4.3.3 (Debian 4.3.3-10) 
configure:3451: $? = 0
configure:3440: gcc -V >&5
gcc: '-V' option must have argument
configure:3451: $? = 1
configure:3440: gcc -qversion >&5
gcc: unrecognized option '-qversion'
gcc: no input files
configure:3451: $? = 1
configure:3471: checking whether the C compiler works
configure:3493: gcc    conftest.c  >&5
configure:3497: $? = 0
configure:3546: result: yes
configure:3549: checking for C compiler default output file name
configure:3551: result: a.out
configure:3557: checking for suffix of executables
configure:3564: gcc -o conftest    conftest.c  >&5
configure:3568: $? = 0
configure:3590: result: 
configure:3612: checking whether we are cross compiling
configure:3620: gcc -o conftest    conftest.c  >&5
configure:3624: $? = 0
configure:3631: ./conftest
configure:3635: $? = 0
configure:3650: result: no
configure:3655: checking for suffix of object files
configure:3677: gcc -c   conftest.c >&5
configure:3681: $? = 0
configure:3702: result: o
configure:3706: checking whether we are using the GNU C compiler
configure:3725: gcc -c   conftest.c >&5
configure:3725: $? = 0
configure:3734: result: yes
configure:3743: checking whether gcc accepts -g
configure:3763: gcc -c -g  conftest.c >&5
configure:3763: $? = 0
configure:3804: result: yes
configure:3821: checking for gcc option to accept ISO C89
configure:3885: gcc  -c -g -O2  conftest.c >&5
configure:3885: $? = 0
configure:3898: result: none needed
configure:3929: checking for style of include used by make
configure:3957: result: GNU
configure:3982: checking dependency style of gcc
configure:4092: result: gcc3
configure:4114: checking whether gcc and cc understand -c and -o together
configure:4145: gcc -c conftest.cpp -o conftest2.o >&5
configure:4149: $? = 0
configure:4155: gcc -c conftest.cpp -o conftest2.o >&5
configure:4159: $? = 0
configure:4170: cc -c conftest.cpp >&5
configure:4174: $? = 0
configure:4182: cc -c conftest.cpp -o conftest2.o >&5
configure:4186: $? = 0
configure:4192: cc -c conftest.cpp -o conftest2.o >&5
configure:4196: $? = 0
configure:4214: result: yes
configure:4299: checking for g++
configure:4315: found /usr/bin/g++
configure:4326: result: g++
configure:4353: checking for C++ compiler version
configure:4362: g++ --version >&5
g++ (Debian 4.3.3-10) 4.3.3
Copyright (C) 2008 Free Software Foundation, Inc.
This is free software; see the source for copying conditions.  There is NO
warranty; not even for MERCHANTABILITY or FITNESS FOR A PARTICULAR PURPOSE.

configure:4373: $? = 0
configure:4362: g++ -v >&5
Using built-in specs.
Target: i486-linux-gnu
Configured with: ../src/configure -v --with-pkgversion='Debian 4.3.3-10' --with-bugurl=file:///usr/share/doc/gcc-4.3/README.Bugs --enable-languages=c,c++,fortran,objc,obj-c++ --prefix=/usr --enable-shared --enable-multiarch --with-system-zlib --libexecdir=/usr/lib --without-included-gettext --enable-threads=posix --enable-nls --with-gxx-include-dir=/usr/include/c++/4.3 --program-suffix=-4.3 --enable-clocale=gnu --enable-libstdcxx-debug --enable-objc-gc --enable-mpfr --enable-targets=all --with-tune=generic --enable-checking=release --build=i486-linux-gnu --host=i486-linux-gnu --target=i486-linux-gnu
Thread model: posix
gcc version 4.3.3 (Debian 4.3.3-10) 
configure:4373: $? = 0
configure:4362: g++ -V >&5
g++: '-V' option must have argument
configure:4373: $? = 1
configure:4362: g++ -qversion >&5
g++: unrecognized option '-qversion'
g++: no input files
configure:4373: $? = 1
configure:4377: checking whether we are using the GNU C++ compiler
configure:4396: g++ -c   conftest.cpp >&5
configure:4396: $? = 0
configure:4405: result: yes
configure:4414: checking whether g++ accepts -g
configure:4434: g++ -c -g  conftest.cpp >&5
configure:4434: $? = 0
configure:4475: result: yes
configure:4500: checking dependency style of g++
configure:4610: result: gcc3
configure:4625: checking whether make sets $(MAKE)
configure:4647: result: yes
configure:4686: checking build system type
configure:4700: result: i686-pc-linux-gnu
configure:4720: checking host system type
configure:4733: result: i686-pc-linux-gnu
configure:4753: checking for a sed that does not truncate output
configure:4817: result: /bin/sed
configure:4835: checking for grep that handles long lines and -e
configure:4893: result: /bin/grep
configure:4898: checking for egrep
configure:4960: result: /bin/grep -E
configure:4965: checking for fgrep
configure:5027: result: /bin/grep -F
configure:5062: checking for ld used by gcc
configure:5129: result: /usr/bin/ld
configure:5136: checking if the linker (/usr/bin/ld) is GNU ld
configure:5151: result: yes
configure:5163: checking for BSD- or MS-compatible name lister (nm)
configure:5212: result: /usr/bin/nm -B
configure:5330: checking the name lister (/usr/bin/nm -B) interface
configure:5337: g++ -c -g -O2  conftest.cpp >&5
configure:5340: /usr/bin/nm -B "conftest.o"
configure:5343: output
00000000 B some_variable
configure:5350: result: BSD nm
configure:5353: checking whether ln -s works
configure:5357: result: yes
configure:5365: checking the maximum length of command line arguments
configure:5485: result: 1572864
configure:5502: checking whether the shell understands some XSI constructs
configure:5512: result: yes
configure:5516: checking whether the shell understands "+="
configure:5522: result: yes
configure:5557: checking for /usr/bin/ld option to reload object files
configure:5564: result: -r
configure:5633: checking for objdump
configure:5649: found /usr/bin/objdump
configure:5660: result: objdump
configure:5692: checking how to recognize dependent libraries
configure:5888: result: pass_all
configure:5948: checking for ar
configure:5964: found /usr/bin/ar
configure:5975: result: ar
configure:6053: checking for strip
configure:6069: found /usr/bin/strip
configure:6080: result: strip
configure:6152: checking for ranlib
configure:6168: found /usr/bin/ranlib
configure:6179: result: ranlib
configure:6269: checking command to parse /usr/bin/nm -B output from gcc object
configure:6387: g++ -c -g -O2  conftest.cpp >&5
configure:6390: $? = 0
configure:6394: /usr/bin/nm -B conftest.o \| sed -n -e 's/^.*[	 ]\([ABCDGIRSTW][ABCDGIRSTW]*\)[	 ][	 ]*\([_A-Za-z][_A-Za-z0-9]*\)$/\1 \2 \2/p' \> conftest.nm
configure:6397: $? = 0
configure:6451: g++ -o conftest -g -O2   conftest.cpp conftstm.o >&5
configure:6454: $? = 0
configure:6492: result: ok
configure:7301: checking how to run the C preprocessor
configure:7332: gcc -E  conftest.c
configure:7332: $? = 0
configure:7346: gcc -E  conftest.c
conftest.c:11:28: error: ac_nonexistent.h: No such file or directory
configure:7346: $? = 1
configure: failed program was:
| /* confdefs.h */
| #define PACKAGE_NAME "Dhvani"
| #define PACKAGE_TARNAME "Dhvani"
| #define PACKAGE_VERSION "0.95"
| #define PACKAGE_STRING "Dhvani 0.95"
| #define PACKAGE_BUGREPORT "santhosh.thottingal@gmail.com"
| #define PACKAGE_URL ""
| #define PACKAGE "Dhvani"
| #define VERSION "0.95"
| /* end confdefs.h.  */
| #include <ac_nonexistent.h>
configure:7371: result: gcc -E
configure:7391: gcc -E  conftest.c
configure:7391: $? = 0
configure:7405: gcc -E  conftest.c
conftest.c:11:28: error: ac_nonexistent.h: No such file or directory
configure:7405: $? = 1
configure: failed program was:
| /* confdefs.h */
| #define PACKAGE_NAME "Dhvani"
| #define PACKAGE_TARNAME "Dhvani"
| #define PACKAGE_VERSION "0.95"
| #define PACKAGE_STRING "Dhvani 0.95"
| #define PACKAGE_BUGREPORT "santhosh.thottingal@gmail.com"
| #define PACKAGE_URL ""
| #define PACKAGE "Dhvani"
| #define VERSION "0.95"
| /* end confdefs.h.  */
| #include <ac_nonexistent.h>
configure:7434: checking for ANSI C header files
configure:7454: gcc -c -g -O2  conftest.c >&5
configure:7454: $? = 0
configure:7527: gcc -o conftest -g -O2   conftest.c  >&5
configure:7527: $? = 0
configure:7527: ./conftest
configure:7527: $? = 0
configure:7538: result: yes
configure:7551: checking for sys/types.h
configure:7551: gcc -c -g -O2  conftest.c >&5
configure:7551: $? = 0
configure:7551: result: yes
configure:7551: checking for sys/stat.h
configure:7551: gcc -c -g -O2  conftest.c >&5
configure:7551: $? = 0
configure:7551: result: yes
configure:7551: checking for stdlib.h
configure:7551: gcc -c -g -O2  conftest.c >&5
configure:7551: $? = 0
configure:7551: result: yes
configure:7551: checking for string.h
configure:7551: gcc -c -g -O2  conftest.c >&5
configure:7551: $? = 0
configure:7551: result: yes
configure:7551: checking for memory.h
configure:7551: gcc -c -g -O2  conftest.c >&5
configure:7551: $? = 0
configure:7551: result: yes
configure:7551: checking for strings.h
configure:7551: gcc -c -g -O2  conftest.c >&5
configure:7551: $? = 0
configure:7551: result: yes
configure:7551: checking for inttypes.h
configure:7551: gcc -c -g -O2  conftest.c >&5
configure:7551: $? = 0
configure:7551: result: yes
configure:7551: checking for stdint.h
configure:7551: gcc -c -g -O2  conftest.c >&5
configure:7551: $? = 0
configure:7551: result: yes
configure:7551: checking for unistd.h
configure:7551: gcc -c -g -O2  conftest.c >&5
configure:7551: $? = 0
configure:7551: result: yes
configure:7566: checking for dlfcn.h
configure:7566: gcc -c -g -O2  conftest.c >&5
configure:7566: $? = 0
configure:7566: result: yes
configure:7691: checking for C++ compiler version
configure:7700: g++ --version >&5
g++ (Debian 4.3.3-10) 4.3.3
Copyright (C) 2008 Free Software Foundation, Inc.
This is free software; see the source for copying conditions.  There is NO
warranty; not even for MERCHANTABILITY or FITNESS FOR A PARTICULAR PURPOSE.

configure:7711: $? = 0
configure:7700: g++ -v >&5
Using built-in specs.
Target: i486-linux-gnu
Configured with: ../src/configure -v --with-pkgversion='Debian 4.3.3-10' --with-bugurl=file:///usr/share/doc/gcc-4.3/README.Bugs --enable-languages=c,c++,fortran,objc,obj-c++ --prefix=/usr --enable-shared --enable-multiarch --with-system-zlib --libexecdir=/usr/lib --without-included-gettext --enable-threads=posix --enable-nls --with-gxx-include-dir=/usr/include/c++/4.3 --program-suffix=-4.3 --enable-clocale=gnu --enable-libstdcxx-debug --enable-objc-gc --enable-mpfr --enable-targets=all --with-tune=generic --enable-checking=release --build=i486-linux-gnu --host=i486-linux-gnu --target=i486-linux-gnu
Thread model: posix
gcc version 4.3.3 (Debian 4.3.3-10) 
configure:7711: $? = 0
configure:7700: g++ -V >&5
g++: '-V' option must have argument
configure:7711: $? = 1
configure:7700: g++ -qversion >&5
g++: unrecognized option '-qversion'
g++: no input files
configure:7711: $? = 1
configure:7715: checking whether we are using the GNU C++ compiler
configure:7743: result: yes
configure:7752: checking whether g++ accepts -g
configure:7813: result: yes
configure:7838: checking dependency style of g++
configure:7948: result: gcc3
configure:7971: checking how to run the C++ preprocessor
configure:7998: g++ -E  conftest.cpp
configure:7998: $? = 0
configure:8012: g++ -E  conftest.cpp
conftest.cpp:22:28: error: ac_nonexistent.h: No such file or directory
configure:8012: $? = 1
configure: failed program was:
| /* confdefs.h */
| #define PACKAGE_NAME "Dhvani"
| #define PACKAGE_TARNAME "Dhvani"
| #define PACKAGE_VERSION "0.95"
| #define PACKAGE_STRING "Dhvani 0.95"
| #define PACKAGE_BUGREPORT "santhosh.thottingal@gmail.com"
| #define PACKAGE_URL ""
| #define PACKAGE "Dhvani"
| #define VERSION "0.95"
| #define STDC_HEADERS 1
| #define HAVE_SYS_TYPES_H 1
| #define HAVE_SYS_STAT_H 1
| #define HAVE_STDLIB_H 1
| #define HAVE_STRING_H 1
| #define HAVE_MEMORY_H 1
| #define HAVE_STRINGS_H 1
| #define HAVE_INTTYPES_H 1
| #define HAVE_STDINT_H 1
| #define HAVE_UNISTD_H 1
| #define HAVE_DLFCN_H 1
| /* end confdefs.h.  */
| #include <ac_nonexistent.h>
configure:8037: result: g++ -E
configure:8057: g++ -E  conftest.cpp
configure:8057: $? = 0
configure:8071: g++ -E  conftest.cpp
conftest.cpp:22:28: error: ac_nonexistent.h: No such file or directory
configure:8071: $? = 1
configure: failed program was:
| /* confdefs.h */
| #define PACKAGE_NAME "Dhvani"
| #define PACKAGE_TARNAME "Dhvani"
| #define PACKAGE_VERSION "0.95"
| #define PACKAGE_STRING "Dhvani 0.95"
| #define PACKAGE_BUGREPORT "santhosh.thottingal@gmail.com"
| #define PACKAGE_URL ""
| #define PACKAGE "Dhvani"
| #define VERSION "0.95"
| #define STDC_HEADERS 1
| #define HAVE_SYS_TYPES_H 1
| #define HAVE_SYS_STAT_H 1
| #define HAVE_STDLIB_H 1
| #define HAVE_STRING_H 1
| #define HAVE_MEMORY_H 1
| #define HAVE_STRINGS_H 1
| #define HAVE_INTTYPES_H 1
| #define HAVE_STDINT_H 1
| #define HAVE_UNISTD_H 1
| #define HAVE_DLFCN_H 1
| /* end confdefs.h.  */
| #include <ac_nonexistent.h>
configure:8277: checking for objdir
configure:8292: result: .libs
configure:8584: checking if gcc supports -fno-rtti -fno-exceptions
configure:8602: gcc -c -g -O2  -fno-rtti -fno-exceptions conftest.c >&5
cc1: warning: command line option "-fno-rtti" is valid for C++/ObjC++ but not for C
configure:8606: $? = 0
configure:8619: result: no
configure:8639: checking for gcc option to produce PIC
configure:8911: result: -fPIC -DPIC
configure:8923: checking if gcc PIC flag -fPIC -DPIC works
configure:8941: gcc -c -g -O2  -fPIC -DPIC -DPIC conftest.c >&5
configure:8945: $? = 0
configure:8958: result: yes
configure:8982: checking if gcc static flag -static works
configure:9010: result: yes
configure:9025: checking if gcc supports -c -o file.o
configure:9046: gcc -c -g -O2  -o out/conftest2.o conftest.c >&5
configure:9050: $? = 0
configure:9072: result: yes
configure:9080: checking if gcc supports -c -o file.o
configure:9127: result: yes
configure:9160: checking whether the gcc linker (/usr/bin/ld) supports shared libraries
configure:10151: result: yes
configure:10188: checking whether -lc should be explicitly linked in
configure:10193: gcc -c -g -O2  conftest.c >&5
configure:10196: $? = 0
configure:10211: gcc -shared conftest.o  -v -Wl,-soname -Wl,conftest -o conftest 2\>\&1 \| /bin/grep  -lc  \>/dev/null 2\>\&1
configure:10214: $? = 0
configure:10226: result: no
configure:10390: checking dynamic linker characteristics
configure:10823: gcc -o conftest -g -O2   -Wl,-rpath -Wl,/foo conftest.c  >&5
configure:10823: $? = 0
configure:11053: result: GNU/Linux ld.so
configure:11155: checking how to hardcode library paths into programs
configure:11180: result: immediate
configure:11700: checking whether stripping libraries is possible
configure:11705: result: yes
configure:11740: checking if libtool supports shared libraries
configure:11742: result: yes
configure:11745: checking whether to build shared libraries
configure:11766: result: yes
configure:11769: checking whether to build static libraries
configure:11773: result: yes
configure:11923: checking for ld used by g++
configure:11990: result: /usr/bin/ld
configure:11997: checking if the linker (/usr/bin/ld) is GNU ld
configure:12012: result: yes
configure:12067: checking whether the g++ linker (/usr/bin/ld) supports shared libraries
configure:12980: result: yes
configure:13008: g++ -c -g -O2  conftest.cpp >&5
configure:13011: $? = 0
configure:13193: checking for g++ option to produce PIC
configure:13510: result: -fPIC -DPIC
configure:13519: checking if g++ PIC flag -fPIC -DPIC works
configure:13537: g++ -c -g -O2  -fPIC -DPIC -DPIC conftest.cpp >&5
configure:13541: $? = 0
configure:13554: result: yes
configure:13575: checking if g++ static flag -static works
configure:13603: result: yes
configure:13615: checking if g++ supports -c -o file.o
configure:13636: g++ -c -g -O2  -o out/conftest2.o conftest.cpp >&5
configure:13640: $? = 0
configure:13662: result: yes
configure:13667: checking if g++ supports -c -o file.o
configure:13714: result: yes
configure:13744: checking whether the g++ linker (/usr/bin/ld) supports shared libraries
configure:13773: result: yes
configure:13910: checking dynamic linker characteristics
configure:14291: g++ -o conftest -g -O2   -Wl,-rpath -Wl,/foo conftest.cpp  >&5
configure:14291: $? = 0
configure:14521: result: GNU/Linux ld.so
configure:14572: checking how to hardcode library paths into programs
configure:14597: result: immediate
configure:14660: checking for dirent.h that defines DIR
configure:14679: g++ -c -g -O2  conftest.cpp >&5
configure:14679: $? = 0
configure:14687: result: yes
configure:14701: checking for library containing opendir
configure:14732: g++ -o conftest -g -O2   conftest.cpp  >&5
configure:14732: $? = 0
configure:14749: result: none required
configure:14817: checking for ANSI C header files
configure:14921: result: yes
configure:14936: checking for special C compiler options needed for large files
configure:14981: result: no
configure:14987: checking for _FILE_OFFSET_BITS value needed for large files
configure:15012: g++ -c -g -O2  conftest.cpp >&5
conftest.cpp:31: warning: left shift count >= width of type
conftest.cpp:31: warning: left shift count >= width of type
conftest.cpp:32: warning: left shift count >= width of type
conftest.cpp:32: warning: left shift count >= width of type
conftest.cpp:33: error: size of array 'off_t_is_large' is negative
configure:15012: $? = 1
configure: failed program was:
| /* confdefs.h */
| #define PACKAGE_NAME "Dhvani"
| #define PACKAGE_TARNAME "Dhvani"
| #define PACKAGE_VERSION "0.95"
| #define PACKAGE_STRING "Dhvani 0.95"
| #define PACKAGE_BUGREPORT "santhosh.thottingal@gmail.com"
| #define PACKAGE_URL ""
| #define PACKAGE "Dhvani"
| #define VERSION "0.95"
| #define STDC_HEADERS 1
| #define HAVE_SYS_TYPES_H 1
| #define HAVE_SYS_STAT_H 1
| #define HAVE_STDLIB_H 1
| #define HAVE_STRING_H 1
| #define HAVE_MEMORY_H 1
| #define HAVE_STRINGS_H 1
| #define HAVE_INTTYPES_H 1
| #define HAVE_STDINT_H 1
| #define HAVE_UNISTD_H 1
| #define HAVE_DLFCN_H 1
| #define LT_OBJDIR ".libs/"
| #define HAVE_DIRENT_H 1
| #define STDC_HEADERS 1
| /* end confdefs.h.  */
| #include <sys/types.h>
|  /* Check that off_t can represent 2**63 - 1 correctly.
|     We can't simply define LARGE_OFF_T to be 9223372036854775807,
|     since some C++ compilers masquerading as C compilers
|     incorrectly reject 9223372036854775807.  */
| #define LARGE_OFF_T (((off_t) 1 << 62) - 1 + ((off_t) 1 << 62))
|   int off_t_is_large[(LARGE_OFF_T % 2147483629 == 721
| 		       && LARGE_OFF_T % 2147483647 == 1)
| 		      ? 1 : -1];
| int
| main ()
| {
| 
|   ;
|   return 0;
| }
configure:15036: g++ -c -g -O2  conftest.cpp >&5
configure:15036: $? = 0
configure:15044: result: 64
configure:15129: checking for an ANSI C-conforming const
configure:15194: g++ -c -g -O2  conftest.cpp >&5
configure:15194: $? = 0
configure:15201: result: yes
configure:15209: checking for inline
configure:15225: g++ -c -g -O2  conftest.cpp >&5
configure:15225: $? = 0
configure:15233: result: inline
configure:15251: checking for size_t
configure:15251: g++ -c -g -O2  conftest.cpp >&5
configure:15251: $? = 0
configure:15251: g++ -c -g -O2  conftest.cpp >&5
conftest.cpp: In function 'int main()':
conftest.cpp:62: error: expected primary-expression before ')' token
configure:15251: $? = 1
configure: failed program was:
| /* confdefs.h */
| #define PACKAGE_NAME "Dhvani"
| #define PACKAGE_TARNAME "Dhvani"
| #define PACKAGE_VERSION "0.95"
| #define PACKAGE_STRING "Dhvani 0.95"
| #define PACKAGE_BUGREPORT "santhosh.thottingal@gmail.com"
| #define PACKAGE_URL ""
| #define PACKAGE "Dhvani"
| #define VERSION "0.95"
| #define STDC_HEADERS 1
| #define HAVE_SYS_TYPES_H 1
| #define HAVE_SYS_STAT_H 1
| #define HAVE_STDLIB_H 1
| #define HAVE_STRING_H 1
| #define HAVE_MEMORY_H 1
| #define HAVE_STRINGS_H 1
| #define HAVE_INTTYPES_H 1
| #define HAVE_STDINT_H 1
| #define HAVE_UNISTD_H 1
| #define HAVE_DLFCN_H 1
| #define LT_OBJDIR ".libs/"
| #define HAVE_DIRENT_H 1
| #define STDC_HEADERS 1
| #define _FILE_OFFSET_BITS 64
| /* end confdefs.h.  */
| #include <stdio.h>
| #ifdef HAVE_SYS_TYPES_H
| # include <sys/types.h>
| #endif
| #ifdef HAVE_SYS_STAT_H
| # include <sys/stat.h>
| #endif
| #ifdef STDC_HEADERS
| # include <stdlib.h>
| # include <stddef.h>
| #else
| # ifdef HAVE_STDLIB_H
| #  include <stdlib.h>
| # endif
| #endif
| #ifdef HAVE_STRING_H
| # if !defined STDC_HEADERS && defined HAVE_MEMORY_H
| #  include <memory.h>
| # endif
| # include <string.h>
| #endif
| #ifdef HAVE_STRINGS_H
| # include <strings.h>
| #endif
| #ifdef HAVE_INTTYPES_H
| # include <inttypes.h>
| #endif
| #ifdef HAVE_STDINT_H
| # include <stdint.h>
| #endif
| #ifdef HAVE_UNISTD_H
| # include <unistd.h>
| #endif
| int
| main ()
| {
| if (sizeof ((size_t)))
| 	    return 0;
|   ;
|   return 0;
| }
configure:15251: result: yes
configure:15262: checking whether time.h and sys/time.h may both be included
configure:15282: g++ -c -g -O2  conftest.cpp >&5
configure:15282: $? = 0
configure:15289: result: yes
configure:15297: checking whether struct tm is in sys/time.h or time.h
configure:15317: g++ -c -g -O2  conftest.cpp >&5
configure:15317: $? = 0
configure:15324: result: time.h
configure:15335: checking whether gcc needs -traditional
configure:15369: result: no
configure:15378: checking for stdlib.h
configure:15378: result: yes
configure:15388: checking for GNU libc compatible malloc
configure:15412: g++ -o conftest -g -O2   conftest.cpp  >&5
configure:15412: $? = 0
configure:15412: ./conftest
configure:15412: $? = 0
configure:15422: result: yes
configure:15443: checking return type of signal handlers
configure:15461: g++ -c -g -O2  conftest.cpp >&5
conftest.cpp: In function 'int main()':
conftest.cpp:35: error: void value not ignored as it ought to be
configure:15461: $? = 1
configure: failed program was:
| /* confdefs.h */
| #define PACKAGE_NAME "Dhvani"
| #define PACKAGE_TARNAME "Dhvani"
| #define PACKAGE_VERSION "0.95"
| #define PACKAGE_STRING "Dhvani 0.95"
| #define PACKAGE_BUGREPORT "santhosh.thottingal@gmail.com"
| #define PACKAGE_URL ""
| #define PACKAGE "Dhvani"
| #define VERSION "0.95"
| #define STDC_HEADERS 1
| #define HAVE_SYS_TYPES_H 1
| #define HAVE_SYS_STAT_H 1
| #define HAVE_STDLIB_H 1
| #define HAVE_STRING_H 1
| #define HAVE_MEMORY_H 1
| #define HAVE_STRINGS_H 1
| #define HAVE_INTTYPES_H 1
| #define HAVE_STDINT_H 1
| #define HAVE_UNISTD_H 1
| #define HAVE_DLFCN_H 1
| #define LT_OBJDIR ".libs/"
| #define HAVE_DIRENT_H 1
| #define STDC_HEADERS 1
| #define _FILE_OFFSET_BITS 64
| #define TIME_WITH_SYS_TIME 1
| #define HAVE_STDLIB_H 1
| #define HAVE_MALLOC 1
| /* end confdefs.h.  */
| #include <sys/types.h>
| #include <signal.h>
| 
| int
| main ()
| {
| return *(signal (0, 0)) (0) == 1;
|   ;
|   return 0;
| }
configure:15468: result: void
configure:15478: checking for strftime
configure:15478: g++ -o conftest -g -O2   conftest.cpp  >&5
configure:15478: $? = 0
configure:15478: result: yes
configure:15533: checking soundtouch/SoundTouch.h usability
configure:15533: g++ -c -g -O2  conftest.cpp >&5
configure:15533: $? = 0
configure:15533: result: yes
configure:15533: checking soundtouch/SoundTouch.h presence
configure:15533: g++ -E  conftest.cpp
configure:15533: $? = 0
configure:15533: result: yes
configure:15533: checking for soundtouch/SoundTouch.h
configure:15533: result: yes
configure:15567: checking for vorbis_info_init in -lvorbisenc
configure:15592: g++ -o conftest -g -O2   conftest.cpp -lvorbisenc   >&5
configure:15592: $? = 0
configure:15601: result: yes
configure:15658: checking for snd_pcm_open in -lasound
configure:15683: g++ -o conftest -g -O2   conftest.cpp -lasound   >&5
configure:15683: $? = 0
configure:15692: result: yes
configure:15725: checking for pa_threaded_mainloop_new in -lpulse
configure:15750: g++ -o conftest -g -O2   conftest.cpp -lpulse -lpulse  >&5
configure:15750: $? = 0
configure:15759: result: yes
configure:15799: checking for bash
configure:15829: result: /bin/bash
configure:15993: creating ./config.status

## ---------------------- ##
## Running config.status. ##
## ---------------------- ##

This file was extended by Dhvani config.status 0.95, which was
generated by GNU Autoconf 2.65.  Invocation command line was

  CONFIG_FILES    = 
  CONFIG_HEADERS  = 
  CONFIG_LINKS    = 
  CONFIG_COMMANDS = 
  $ ./config.status 

on santhosh

config.status:1147: creating Makefile
config.status:1147: creating src/soundtouch4c/Makefile
config.status:1147: creating src/Makefile
config.status:1147: creating man/Makefile
config.status:1147: creating database/Makefile
config.status:1147: creating config.h
config.status:1319: config.h is unchanged
config.status:1367: executing depfiles commands
config.status:1367: executing libtool commands

## ---------------- ##
## Cache variables. ##
## ---------------- ##

ac_cv_build=i686-pc-linux-gnu
ac_cv_c_compiler_gnu=yes
ac_cv_c_const=yes
ac_cv_c_inline=inline
ac_cv_cxx_compiler_gnu=yes
ac_cv_env_CCC_set=
ac_cv_env_CCC_value=
ac_cv_env_CC_set=
ac_cv_env_CC_value=
ac_cv_env_CFLAGS_set=
ac_cv_env_CFLAGS_value=
ac_cv_env_CPPFLAGS_set=
ac_cv_env_CPPFLAGS_value=
ac_cv_env_CPP_set=
ac_cv_env_CPP_value=
ac_cv_env_CXXCPP_set=
ac_cv_env_CXXCPP_value=
ac_cv_env_CXXFLAGS_set=
ac_cv_env_CXXFLAGS_value=
ac_cv_env_CXX_set=
ac_cv_env_CXX_value=
ac_cv_env_LDFLAGS_set=
ac_cv_env_LDFLAGS_value=
ac_cv_env_LIBS_set=
ac_cv_env_LIBS_value=
ac_cv_env_build_alias_set=
ac_cv_env_build_alias_value=
ac_cv_env_host_alias_set=
ac_cv_env_host_alias_value=
ac_cv_env_target_alias_set=
ac_cv_env_target_alias_value=
ac_cv_func_malloc_0_nonnull=yes
ac_cv_func_strftime=yes
ac_cv_header_dirent_dirent_h=yes
ac_cv_header_dlfcn_h=yes
ac_cv_header_inttypes_h=yes
ac_cv_header_memory_h=yes
ac_cv_header_soundtouch_SoundTouch_h=yes
ac_cv_header_stdc=yes
ac_cv_header_stdint_h=yes
ac_cv_header_stdlib_h=yes
ac_cv_header_string_h=yes
ac_cv_header_strings_h=yes
ac_cv_header_sys_stat_h=yes
ac_cv_header_sys_types_h=yes
ac_cv_header_time=yes
ac_cv_header_unistd_h=yes
ac_cv_host=i686-pc-linux-gnu
ac_cv_lib_asound_snd_pcm_open=yes
ac_cv_lib_pulse_pa_threaded_mainloop_new=yes
ac_cv_lib_vorbisenc_vorbis_info_init=yes
ac_cv_objext=o
ac_cv_path_BASH=/bin/bash
ac_cv_path_EGREP='/bin/grep -E'
ac_cv_path_FGREP='/bin/grep -F'
ac_cv_path_GREP=/bin/grep
ac_cv_path_SED=/bin/sed
ac_cv_path_install='/usr/bin/install -c'
ac_cv_path_mkdir=/bin/mkdir
ac_cv_prog_AWK=gawk
ac_cv_prog_CPP='gcc -E'
ac_cv_prog_CXXCPP='g++ -E'
ac_cv_prog_ac_ct_AR=ar
ac_cv_prog_ac_ct_CC=gcc
ac_cv_prog_ac_ct_CXX=g++
ac_cv_prog_ac_ct_OBJDUMP=objdump
ac_cv_prog_ac_ct_RANLIB=ranlib
ac_cv_prog_ac_ct_STRIP=strip
ac_cv_prog_cc_c89=
ac_cv_prog_cc_g=yes
ac_cv_prog_cc_gcc_c_o=yes
ac_cv_prog_cxx_g=yes
ac_cv_prog_gcc_traditional=no
ac_cv_prog_make_make_set=yes
ac_cv_search_opendir='none required'
ac_cv_struct_tm=time.h
ac_cv_sys_file_offset_bits=64
ac_cv_sys_largefile_CC=no
ac_cv_type_signal=void
ac_cv_type_size_t=yes
am_cv_CC_dependencies_compiler_type=gcc3
am_cv_CXX_dependencies_compiler_type=gcc3
lt_cv_deplibs_check_method=pass_all
lt_cv_file_magic_cmd='$MAGIC_CMD'
lt_cv_file_magic_test_file=
lt_cv_ld_reload_flag=-r
lt_cv_nm_interface='BSD nm'
lt_cv_objdir=.libs
lt_cv_path_LD=/usr/bin/ld
lt_cv_path_LDCXX=/usr/bin/ld
lt_cv_path_NM='/usr/bin/nm -B'
lt_cv_prog_compiler_c_o=yes
lt_cv_prog_compiler_c_o_CXX=yes
lt_cv_prog_compiler_pic_works=yes
lt_cv_prog_compiler_pic_works_CXX=yes
lt_cv_prog_compiler_rtti_exceptions=no
lt_cv_prog_compiler_static_works=yes
lt_cv_prog_compiler_static_works_CXX=yes
lt_cv_prog_gnu_ld=yes
lt_cv_prog_gnu_ldcxx=yes
lt_cv_sys_global_symbol_pipe='sed -n -e '\''s/^.*[	 ]\([ABCDGIRSTW][ABCDGIRSTW]*\)[	 ][	 ]*\([_A-Za-z][_A-Za-z0-9]*\)$/\1 \2 \2/p'\'''
lt_cv_sys_global_symbol_to_c_name_address='sed -n -e '\''s/^: \([^ ]*\) $/  {\"\1\", (void *) 0},/p'\'' -e '\''s/^[ABCDGIRSTW]* \([^ ]*\) \([^ ]*\)$/  {"\2", (void *) \&\2},/p'\'''
lt_cv_sys_global_symbol_to_c_name_address_lib_prefix='sed -n -e '\''s/^: \([^ ]*\) $/  {\"\1\", (void *) 0},/p'\'' -e '\''s/^[ABCDGIRSTW]* \([^ ]*\) \(lib[^ ]*\)$/  {"\2", (void *) \&\2},/p'\'' -e '\''s/^[ABCDGIRSTW]* \([^ ]*\) \([^ ]*\)$/  {"lib\2", (void *) \&\2},/p'\'''
lt_cv_sys_global_symbol_to_cdecl='sed -n -e '\''s/^T .* \(.*\)$/extern int \1();/p'\'' -e '\''s/^[ABCDGIRSTW]* .* \(.*\)$/extern char \1;/p'\'''
lt_cv_sys_max_cmd_len=1572864

## ----------------- ##
## Output variables. ##
## ----------------- ##

ACLOCAL='${SHELL} /sda5/sourceforge/trunk/dhvani/missing --run aclocal-1.11'
AMDEPBACKSLASH='\'
AMDEP_FALSE='#'
AMDEP_TRUE=''
AMTAR='${SHELL} /sda5/sourceforge/trunk/dhvani/missing --run tar'
AR='ar'
AUTOCONF='${SHELL} /sda5/sourceforge/trunk/dhvani/missing --run autoconf'
AUTOHEADER='${SHELL} /sda5/sourceforge/trunk/dhvani/missing --run autoheader'
AUTOMAKE='${SHELL} /sda5/sourceforge/trunk/dhvani/missing --run automake-1.11'
AWK='gawk'
BASH='/bin/bash'
CC='gcc'
CCDEPMODE='depmode=gcc3'
CFLAGS='-g -O2'
CPP='gcc -E'
CPPFLAGS=''
CXX='g++'
CXXCPP='g++ -E'
CXXDEPMODE='depmode=gcc3'
CXXFLAGS='-g -O2'
CYGPATH_W='echo'
DEFS='-DHAVE_CONFIG_H'
DEPDIR='.deps'
DSYMUTIL=''
DUMPBIN=''
ECHO_C=''
ECHO_N='-n'
ECHO_T=''
EGREP='/bin/grep -E'
EXEEXT=''
FGREP='/bin/grep -F'
GREP='/bin/grep'
INSTALL_DATA='${INSTALL} -m 644'
INSTALL_PROGRAM='${INSTALL}'
INSTALL_SCRIPT='${INSTALL}'
INSTALL_STRIP_PROGRAM='$(install_sh) -c -s'
LD='/usr/bin/ld'
LDFLAGS=''
LIBOBJS=''
LIBS=''
LIBTOOL='$(SHELL) $(top_builddir)/libtool'
LIPO=''
LN_S='ln -s'
LTLIBOBJS=''
MAKEINFO='${SHELL} /sda5/sourceforge/trunk/dhvani/missing --run makeinfo'
MKDIR_P='/bin/mkdir -p'
NM='/usr/bin/nm -B'
NMEDIT=''
OBJDUMP='objdump'
OBJEXT='o'
OTOOL64=''
OTOOL=''
PACKAGE='Dhvani'
PACKAGE_BUGREPORT='santhosh.thottingal@gmail.com'
PACKAGE_NAME='Dhvani'
PACKAGE_STRING='Dhvani 0.95'
PACKAGE_TARNAME='Dhvani'
PACKAGE_URL=''
PACKAGE_VERSION='0.95'
PATH_SEPARATOR=':'
RANLIB='ranlib'
SED='/bin/sed'
SET_MAKE=''
SHELL='/bin/bash'
STRIP='strip'
VERSION='0.95'
ac_ct_CC='gcc'
ac_ct_CXX='g++'
ac_ct_DUMPBIN=''
alsa_support_FALSE='#'
alsa_support_TRUE=''
am__EXEEXT_FALSE=''
am__EXEEXT_TRUE='#'
am__fastdepCC_FALSE='#'
am__fastdepCC_TRUE=''
am__fastdepCXX_FALSE='#'
am__fastdepCXX_TRUE=''
am__include='include'
am__isrc=''
am__leading_dot='.'
am__quote=''
am__tar='${AMTAR} chof - "$$tardir"'
am__untar='${AMTAR} xf -'
bindir='${exec_prefix}/bin'
build='i686-pc-linux-gnu'
build_alias=''
build_cpu='i686'
build_os='linux-gnu'
build_vendor='pc'
datadir='${datarootdir}'
datarootdir='${prefix}/share'
debug_support_FALSE=''
debug_support_TRUE='#'
docdir='${datarootdir}/doc/${PACKAGE_TARNAME}'
dvidir='${docdir}'
exec_prefix='${prefix}'
host='i686-pc-linux-gnu'
host_alias=''
host_cpu='i686'
host_os='linux-gnu'
host_vendor='pc'
htmldir='${docdir}'
includedir='${prefix}/include'
infodir='${datarootdir}/info'
install_sh='${SHELL} /sda5/sourceforge/trunk/dhvani/install-sh'
libdir='${exec_prefix}/lib'
libexecdir='${exec_prefix}/libexec'
localedir='${datarootdir}/locale'
localstatedir='${prefix}/var'
lt_ECHO='echo'
mandir='${datarootdir}/man'
mkdir_p='/bin/mkdir -p'
oggvorbis_support_FALSE='#'
oggvorbis_support_TRUE=''
oldincludedir='/usr/include'
pdfdir='${docdir}'
prefix='/usr/local'
program_transform_name='s,x,x,'
psdir='${docdir}'
pulse_support_FALSE='#'
pulse_support_TRUE=''
sbindir='${exec_prefix}/sbin'
sharedstatedir='${prefix}/com'
soundtouch_support_FALSE='#'
soundtouch_support_TRUE=''
sysconfdir='${prefix}/etc'
target_alias=''

## ----------- ##
## confdefs.h. ##
## ----------- ##

/* confdefs.h */
#define PACKAGE_NAME "Dhvani"
#define PACKAGE_TARNAME "Dhvani"
#define PACKAGE_VERSION "0.95"
#define PACKAGE_STRING "Dhvani 0.95"
#define PACKAGE_BUGREPORT "santhosh.thottingal@gmail.com"
#define PACKAGE_URL ""
#define PACKAGE "Dhvani"
#define VERSION "0.95"
#define STDC_HEADERS 1
#define HAVE_SYS_TYPES_H 1
#define HAVE_SYS_STAT_H 1
#define HAVE_STDLIB_H 1
#define HAVE_STRING_H 1
#define HAVE_MEMORY_H 1
#define HAVE_STRINGS_H 1
#define HAVE_INTTYPES_H 1
#define HAVE_STDINT_H 1
#define HAVE_UNISTD_H 1
#define HAVE_DLFCN_H 1
#define LT_OBJDIR ".libs/"
#define HAVE_DIRENT_H 1
#define STDC_HEADERS 1
#define _FILE_OFFSET_BITS 64
#define TIME_WITH_SYS_TIME 1
#define HAVE_STDLIB_H 1
#define HAVE_MALLOC 1
#define RETSIGTYPE void
#define HAVE_STRFTIME 1

configure: exit 0
